Generated complete graph with random weights:
0 1 44
0 2 84
0 3 99
1 2 64
1 3 41
2 3 74

Graph in Adjacency Matrix format:
0 44 84 99 
44 0 64 41 
84 64 0 74 
99 41 74 0 

-----------------------------BFS SOLUTION-----------------------------

The best path, with a cost of 243 is:
0 1 3 2 0 

There were a total of 6 paths found, the worst of it having a cost of 288

-----------------------------UCS SOLUTION-----------------------------

The best path, with a cost of 243 is:
0 1 3 2 0 

-----------------------------AStar SOLUTION-----------------------------

The best path, with a cost of 243 is:
0 1 3 2 0 